<?xml version="1.0" encoding="UTF-8"?>
<testng-results ignored="0" total="2" passed="2" failed="0" skipped="0">
  <reporter-output>
  </reporter-output>
  <suite started-at="2022-02-06T23:00:30 TRT" name="CommentCount" finished-at="2022-02-06T23:01:33 TRT" duration-ms="62947">
    <groups>
      <group name="cucumber">
        <method signature="AbstractTestNGCucumberTests.runScenario(io.cucumber.testng.PickleWrapper,io.cucumber.testng.FeatureWrapper)[pri:0, instance:runners.TestRunner@6a6cb05c]" name="runScenario" class="io.cucumber.testng.AbstractTestNGCucumberTests"/>
        <method signature="AbstractTestNGCucumberTests.runScenario(io.cucumber.testng.PickleWrapper,io.cucumber.testng.FeatureWrapper)[pri:0, instance:runners.TestRunner@26794848]" name="runScenario" class="io.cucumber.testng.AbstractTestNGCucumberTests"/>
      </group> <!-- cucumber -->
    </groups>
    <test started-at="2022-02-06T23:00:30 TRT" name="EDGE_TEST" finished-at="2022-02-06T23:01:33 TRT" duration-ms="62941">
      <class name="runners.TestRunner">
        <test-method is-config="true" signature="setUpClass(org.testng.ITestContext)[pri:0, instance:runners.TestRunner@6a6cb05c]" started-at="2022-02-06T23:00:30 TRT" name="setUpClass" finished-at="2022-02-06T23:00:31 TRT" duration-ms="1741" status="PASS">
          <params>
            <param index="0">
              <value>
                <![CDATA[org.testng.TestRunner@20d525]]>
              </value>
            </param>
          </params>
          <reporter-output>
          </reporter-output>
        </test-method> <!-- setUpClass -->
        <test-method is-config="true" signature="setUp(java.lang.String,java.lang.String)[pri:0, instance:runners.TestRunner@6a6cb05c]" started-at="2022-02-06T23:00:31 TRT" name="setUp" finished-at="2022-02-06T23:00:40 TRT" duration-ms="8199" status="PASS">
          <params>
            <param index="0">
              <value>
                <![CDATA[edge]]>
              </value>
            </param>
            <param index="1">
              <value>
                <![CDATA[prod]]>
              </value>
            </param>
          </params>
          <reporter-output>
          </reporter-output>
        </test-method> <!-- setUp -->
        <test-method signature="runScenario(io.cucumber.testng.PickleWrapper,io.cucumber.testng.FeatureWrapper)[pri:0, instance:runners.TestRunner@6a6cb05c]" started-at="2022-02-06T23:00:40 TRT" name="runScenario" description="Runs Cucumber Scenarios" data-provider="scenarios" finished-at="2022-02-06T23:01:32 TRT" duration-ms="52308" status="PASS">
          <params>
            <param index="0">
              <value>
                <![CDATA["Find comment count for the store"]]>
              </value>
            </param>
            <param index="1">
              <value>
                <![CDATA["Optional[Find vote count for the second store that starts with S]"]]>
              </value>
            </param>
          </params>
          <reporter-output>
          </reporter-output>
        </test-method> <!-- runScenario -->
        <test-method is-config="true" signature="tearDown()[pri:0, instance:runners.TestRunner@6a6cb05c]" started-at="2022-02-06T23:01:32 TRT" name="tearDown" finished-at="2022-02-06T23:01:32 TRT" duration-ms="0" status="PASS">
          <reporter-output>
          </reporter-output>
        </test-method> <!-- tearDown -->
        <test-method is-config="true" signature="tearDownClass()[pri:0, instance:runners.TestRunner@6a6cb05c]" started-at="2022-02-06T23:01:32 TRT" name="tearDownClass" finished-at="2022-02-06T23:01:33 TRT" duration-ms="571" status="PASS">
          <reporter-output>
          </reporter-output>
        </test-method> <!-- tearDownClass -->
      </class> <!-- runners.TestRunner -->
    </test> <!-- EDGE_TEST -->
    <test started-at="2022-02-06T23:00:30 TRT" name="CHROME_TEST" finished-at="2022-02-06T23:01:33 TRT" duration-ms="62947">
      <class name="runners.TestRunner">
        <test-method is-config="true" signature="setUpClass(org.testng.ITestContext)[pri:0, instance:runners.TestRunner@26794848]" started-at="2022-02-06T23:00:30 TRT" name="setUpClass" finished-at="2022-02-06T23:00:31 TRT" duration-ms="1725" status="PASS">
          <params>
            <param index="0">
              <value>
                <![CDATA[org.testng.TestRunner@69453e37]]>
              </value>
            </param>
          </params>
          <reporter-output>
          </reporter-output>
        </test-method> <!-- setUpClass -->
        <test-method is-config="true" signature="setUp(java.lang.String,java.lang.String)[pri:0, instance:runners.TestRunner@26794848]" started-at="2022-02-06T23:00:31 TRT" name="setUp" finished-at="2022-02-06T23:00:36 TRT" duration-ms="4806" status="PASS">
          <params>
            <param index="0">
              <value>
                <![CDATA[chrome]]>
              </value>
            </param>
            <param index="1">
              <value>
                <![CDATA[prod]]>
              </value>
            </param>
          </params>
          <reporter-output>
          </reporter-output>
        </test-method> <!-- setUp -->
        <test-method signature="runScenario(io.cucumber.testng.PickleWrapper,io.cucumber.testng.FeatureWrapper)[pri:0, instance:runners.TestRunner@26794848]" started-at="2022-02-06T23:00:36 TRT" name="runScenario" description="Runs Cucumber Scenarios" data-provider="scenarios" finished-at="2022-02-06T23:01:31 TRT" duration-ms="54753" status="PASS">
          <params>
            <param index="0">
              <value>
                <![CDATA["Find comment count for the store"]]>
              </value>
            </param>
            <param index="1">
              <value>
                <![CDATA["Optional[Find vote count for the second store that starts with S]"]]>
              </value>
            </param>
          </params>
          <reporter-output>
          </reporter-output>
        </test-method> <!-- runScenario -->
        <test-method is-config="true" signature="tearDown()[pri:0, instance:runners.TestRunner@26794848]" started-at="2022-02-06T23:01:31 TRT" name="tearDown" finished-at="2022-02-06T23:01:31 TRT" duration-ms="1" status="PASS">
          <reporter-output>
          </reporter-output>
        </test-method> <!-- tearDown -->
        <test-method is-config="true" signature="tearDownClass()[pri:0, instance:runners.TestRunner@26794848]" started-at="2022-02-06T23:01:31 TRT" name="tearDownClass" finished-at="2022-02-06T23:01:33 TRT" duration-ms="1516" status="PASS">
          <reporter-output>
          </reporter-output>
        </test-method> <!-- tearDownClass -->
      </class> <!-- runners.TestRunner -->
    </test> <!-- CHROME_TEST -->
  </suite> <!-- CommentCount -->
</testng-results>
