<?xml version="1.0" encoding="UTF-8"?>
<testng-results ignored="0" total="2" passed="2" failed="0" skipped="0">
  <reporter-output>
  </reporter-output>
  <suite started-at="2022-02-06T23:12:29 TRT" name="AddIPhone" finished-at="2022-02-06T23:13:49 TRT" duration-ms="80619">
    <groups>
      <group name="cucumber">
        <method signature="AbstractTestNGCucumberTests.runScenario(io.cucumber.testng.PickleWrapper,io.cucumber.testng.FeatureWrapper)[pri:0, instance:runners.RunCucumberTest@3c9754d8]" name="runScenario" class="io.cucumber.testng.AbstractTestNGCucumberTests"/>
        <method signature="AbstractTestNGCucumberTests.runScenario(io.cucumber.testng.PickleWrapper,io.cucumber.testng.FeatureWrapper)[pri:0, instance:runners.RunCucumberTest@7dc0f706]" name="runScenario" class="io.cucumber.testng.AbstractTestNGCucumberTests"/>
      </group> <!-- cucumber -->
    </groups>
    <test started-at="2022-02-06T23:12:29 TRT" name="CHROME_TEST" finished-at="2022-02-06T23:13:45 TRT" duration-ms="76648">
      <class name="runners.RunCucumberTest">
        <test-method is-config="true" signature="setUpClass(org.testng.ITestContext)[pri:0, instance:runners.RunCucumberTest@7dc0f706]" started-at="2022-02-06T23:12:29 TRT" name="setUpClass" finished-at="2022-02-06T23:12:30 TRT" duration-ms="1336" status="PASS">
          <params>
            <param index="0">
              <value>
                <![CDATA[org.testng.TestRunner@3e96bacf]]>
              </value>
            </param>
          </params>
          <reporter-output>
          </reporter-output>
        </test-method> <!-- setUpClass -->
        <test-method is-config="true" signature="setUp(java.lang.String,java.lang.String)[pri:0, instance:runners.RunCucumberTest@7dc0f706]" started-at="2022-02-06T23:12:30 TRT" name="setUp" finished-at="2022-02-06T23:12:35 TRT" duration-ms="5172" status="PASS">
          <params>
            <param index="0">
              <value>
                <![CDATA[chrome]]>
              </value>
            </param>
            <param index="1">
              <value>
                <![CDATA[prod]]>
              </value>
            </param>
          </params>
          <reporter-output>
          </reporter-output>
        </test-method> <!-- setUp -->
        <test-method signature="runScenario(io.cucumber.testng.PickleWrapper,io.cucumber.testng.FeatureWrapper)[pri:0, instance:runners.RunCucumberTest@7dc0f706]" started-at="2022-02-06T23:12:35 TRT" name="runScenario" description="Runs Cucumber Scenarios" data-provider="scenarios" finished-at="2022-02-06T23:13:44 TRT" duration-ms="68368" status="PASS">
          <params>
            <param index="0">
              <value>
                <![CDATA["Add two iphones to cart by searching ayfon and try to buy"]]>
              </value>
            </param>
            <param index="1">
              <value>
                <![CDATA["Optional[Add iphone by searching the wrong keyword]"]]>
              </value>
            </param>
          </params>
          <reporter-output>
          </reporter-output>
        </test-method> <!-- runScenario -->
        <test-method is-config="true" signature="tearDown()[pri:0, instance:runners.RunCucumberTest@7dc0f706]" started-at="2022-02-06T23:13:44 TRT" name="tearDown" finished-at="2022-02-06T23:13:44 TRT" duration-ms="0" status="PASS">
          <reporter-output>
          </reporter-output>
        </test-method> <!-- tearDown -->
        <test-method is-config="true" signature="tearDownClass()[pri:0, instance:runners.RunCucumberTest@7dc0f706]" started-at="2022-02-06T23:13:44 TRT" name="tearDownClass" finished-at="2022-02-06T23:13:45 TRT" duration-ms="1702" status="PASS">
          <reporter-output>
          </reporter-output>
        </test-method> <!-- tearDownClass -->
      </class> <!-- runners.RunCucumberTest -->
    </test> <!-- CHROME_TEST -->
    <test started-at="2022-02-06T23:12:29 TRT" name="EDGE_TEST" finished-at="2022-02-06T23:13:49 TRT" duration-ms="80619">
      <class name="runners.RunCucumberTest">
        <test-method is-config="true" signature="setUpClass(org.testng.ITestContext)[pri:0, instance:runners.RunCucumberTest@3c9754d8]" started-at="2022-02-06T23:12:29 TRT" name="setUpClass" finished-at="2022-02-06T23:12:30 TRT" duration-ms="1336" status="PASS">
          <params>
            <param index="0">
              <value>
                <![CDATA[org.testng.TestRunner@3571b748]]>
              </value>
            </param>
          </params>
          <reporter-output>
          </reporter-output>
        </test-method> <!-- setUpClass -->
        <test-method is-config="true" signature="setUp(java.lang.String,java.lang.String)[pri:0, instance:runners.RunCucumberTest@3c9754d8]" started-at="2022-02-06T23:12:30 TRT" name="setUp" finished-at="2022-02-06T23:12:37 TRT" duration-ms="6613" status="PASS">
          <params>
            <param index="0">
              <value>
                <![CDATA[edge]]>
              </value>
            </param>
            <param index="1">
              <value>
                <![CDATA[prod]]>
              </value>
            </param>
          </params>
          <reporter-output>
          </reporter-output>
        </test-method> <!-- setUp -->
        <test-method signature="runScenario(io.cucumber.testng.PickleWrapper,io.cucumber.testng.FeatureWrapper)[pri:0, instance:runners.RunCucumberTest@3c9754d8]" started-at="2022-02-06T23:12:37 TRT" name="runScenario" description="Runs Cucumber Scenarios" data-provider="scenarios" finished-at="2022-02-06T23:13:49 TRT" duration-ms="72542" status="PASS">
          <params>
            <param index="0">
              <value>
                <![CDATA["Add two iphones to cart by searching ayfon and try to buy"]]>
              </value>
            </param>
            <param index="1">
              <value>
                <![CDATA["Optional[Add iphone by searching the wrong keyword]"]]>
              </value>
            </param>
          </params>
          <reporter-output>
          </reporter-output>
        </test-method> <!-- runScenario -->
        <test-method is-config="true" signature="tearDown()[pri:0, instance:runners.RunCucumberTest@3c9754d8]" started-at="2022-02-06T23:13:49 TRT" name="tearDown" finished-at="2022-02-06T23:13:49 TRT" duration-ms="1" status="PASS">
          <reporter-output>
          </reporter-output>
        </test-method> <!-- tearDown -->
        <test-method is-config="true" signature="tearDownClass()[pri:0, instance:runners.RunCucumberTest@3c9754d8]" started-at="2022-02-06T23:13:49 TRT" name="tearDownClass" finished-at="2022-02-06T23:13:49 TRT" duration-ms="69" status="PASS">
          <reporter-output>
          </reporter-output>
        </test-method> <!-- tearDownClass -->
      </class> <!-- runners.RunCucumberTest -->
    </test> <!-- EDGE_TEST -->
  </suite> <!-- AddIPhone -->
</testng-results>
